Analysis & Synthesis report for DE2_Clock
Tue Oct 14 22:02:07 2014
Quartus II 64-Bit Version 14.0.0 Build 200 06/17/2014 SJ Web Edition


---------------------
; Table of Contents ;
---------------------
  1. Legal Notice
  2. Analysis & Synthesis Summary
  3. Analysis & Synthesis Settings
  4. Parallel Compilation
  5. Analysis & Synthesis Source Files Read
  6. Analysis & Synthesis Resource Usage Summary
  7. Analysis & Synthesis Resource Utilization by Entity
  8. State Machine - |DE2_CLOCK|next_state
  9. State Machine - |DE2_CLOCK|current_state
 10. Registers Removed During Synthesis
 11. General Register Statistics
 12. Inverted Register Statistics
 13. Multiplexer Restructuring Statistics (Restructuring Performed)
 14. Post-Synthesis Netlist Statistics for Top Partition
 15. Elapsed Time Per Partition
 16. Analysis & Synthesis Messages



----------------
; Legal Notice ;
----------------
Copyright (C) 1991-2014 Altera Corporation. All rights reserved.
Your use of Altera Corporation's design tools, logic functions 
and other software and tools, and its AMPP partner logic 
functions, and any output files from any of the foregoing 
(including device programming or simulation files), and any 
associated documentation or information are expressly subject 
to the terms and conditions of the Altera Program License 
Subscription Agreement, the Altera Quartus II License Agreement,
the Altera MegaCore Function License Agreement, or other 
applicable license agreement, including, without limitation, 
that your use is for the sole purpose of programming logic 
devices manufactured by Altera and sold by Altera or its 
authorized distributors.  Please refer to the applicable 
agreement for further details.



+---------------------------------------------------------------------------------+
; Analysis & Synthesis Summary                                                    ;
+------------------------------------+--------------------------------------------+
; Analysis & Synthesis Status        ; Successful - Tue Oct 14 22:02:07 2014      ;
; Quartus II 64-Bit Version          ; 14.0.0 Build 200 06/17/2014 SJ Web Edition ;
; Revision Name                      ; DE2_Clock                                  ;
; Top-level Entity Name              ; DE2_CLOCK                                  ;
; Family                             ; Cyclone IV E                               ;
; Total logic elements               ; 207                                        ;
;     Total combinational functions  ; 205                                        ;
;     Dedicated logic registers      ; 153                                        ;
; Total registers                    ; 153                                        ;
; Total pins                         ; 81                                         ;
; Total virtual pins                 ; 0                                          ;
; Total memory bits                  ; 0                                          ;
; Embedded Multiplier 9-bit elements ; 0                                          ;
; Total PLLs                         ; 0                                          ;
+------------------------------------+--------------------------------------------+


+----------------------------------------------------------------------------------------------------------------------+
; Analysis & Synthesis Settings                                                                                        ;
+----------------------------------------------------------------------------+--------------------+--------------------+
; Option                                                                     ; Setting            ; Default Value      ;
+----------------------------------------------------------------------------+--------------------+--------------------+
; Device                                                                     ; EP4CE115F29C7      ;                    ;
; Top-level entity name                                                      ; DE2_CLOCK          ; DE2_Clock          ;
; Family name                                                                ; Cyclone IV E       ; Stratix            ;
; Use smart compilation                                                      ; Off                ; Off                ;
; Enable parallel Assembler and TimeQuest Timing Analyzer during compilation ; On                 ; On                 ;
; Enable compact report table                                                ; Off                ; Off                ;
; Restructure Multiplexers                                                   ; Auto               ; Auto               ;
; Create Debugging Nodes for IP Cores                                        ; Off                ; Off                ;
; Preserve fewer node names                                                  ; On                 ; On                 ;
; Disable OpenCore Plus hardware evaluation                                  ; Off                ; Off                ;
; Verilog Version                                                            ; Verilog_2001       ; Verilog_2001       ;
; VHDL Version                                                               ; VHDL_1993          ; VHDL_1993          ;
; State Machine Processing                                                   ; Auto               ; Auto               ;
; Safe State Machine                                                         ; Off                ; Off                ;
; Extract Verilog State Machines                                             ; On                 ; On                 ;
; Extract VHDL State Machines                                                ; On                 ; On                 ;
; Ignore Verilog initial constructs                                          ; Off                ; Off                ;
; Iteration limit for constant Verilog loops                                 ; 5000               ; 5000               ;
; Iteration limit for non-constant Verilog loops                             ; 250                ; 250                ;
; Add Pass-Through Logic to Inferred RAMs                                    ; On                 ; On                 ;
; Infer RAMs from Raw Logic                                                  ; On                 ; On                 ;
; Parallel Synthesis                                                         ; Off                ; Off                ;
; DSP Block Balancing                                                        ; Auto               ; Auto               ;
; NOT Gate Push-Back                                                         ; On                 ; On                 ;
; Power-Up Don't Care                                                        ; On                 ; On                 ;
; Remove Redundant Logic Cells                                               ; Off                ; Off                ;
; Remove Duplicate Registers                                                 ; On                 ; On                 ;
; Ignore CARRY Buffers                                                       ; Off                ; Off                ;
; Ignore CASCADE Buffers                                                     ; Off                ; Off                ;
; Ignore GLOBAL Buffers                                                      ; Off                ; Off                ;
; Ignore ROW GLOBAL Buffers                                                  ; Off                ; Off                ;
; Ignore LCELL Buffers                                                       ; Off                ; Off                ;
; Ignore SOFT Buffers                                                        ; On                 ; On                 ;
; Limit AHDL Integers to 32 Bits                                             ; Off                ; Off                ;
; Optimization Technique                                                     ; Balanced           ; Balanced           ;
; Carry Chain Length                                                         ; 70                 ; 70                 ;
; Auto Carry Chains                                                          ; On                 ; On                 ;
; Auto Open-Drain Pins                                                       ; On                 ; On                 ;
; Perform WYSIWYG Primitive Resynthesis                                      ; Off                ; Off                ;
; Auto ROM Replacement                                                       ; On                 ; On                 ;
; Auto RAM Replacement                                                       ; On                 ; On                 ;
; Auto DSP Block Replacement                                                 ; On                 ; On                 ;
; Auto Shift Register Replacement                                            ; Auto               ; Auto               ;
; Allow Shift Register Merging across Hierarchies                            ; Auto               ; Auto               ;
; Auto Clock Enable Replacement                                              ; On                 ; On                 ;
; Strict RAM Replacement                                                     ; Off                ; Off                ;
; Allow Synchronous Control Signals                                          ; On                 ; On                 ;
; Force Use of Synchronous Clear Signals                                     ; Off                ; Off                ;
; Auto RAM Block Balancing                                                   ; On                 ; On                 ;
; Auto RAM to Logic Cell Conversion                                          ; Off                ; Off                ;
; Auto Resource Sharing                                                      ; Off                ; Off                ;
; Allow Any RAM Size For Recognition                                         ; Off                ; Off                ;
; Allow Any ROM Size For Recognition                                         ; Off                ; Off                ;
; Allow Any Shift Register Size For Recognition                              ; Off                ; Off                ;
; Use LogicLock Constraints during Resource Balancing                        ; On                 ; On                 ;
; Ignore translate_off and synthesis_off directives                          ; Off                ; Off                ;
; Timing-Driven Synthesis                                                    ; Off                ; Off                ;
; Report Parameter Settings                                                  ; On                 ; On                 ;
; Report Source Assignments                                                  ; On                 ; On                 ;
; Report Connectivity Checks                                                 ; On                 ; On                 ;
; Ignore Maximum Fan-Out Assignments                                         ; Off                ; Off                ;
; Synchronization Register Chain Length                                      ; 2                  ; 2                  ;
; PowerPlay Power Optimization                                               ; Normal compilation ; Normal compilation ;
; HDL message level                                                          ; Level2             ; Level2             ;
; Suppress Register Optimization Related Messages                            ; Off                ; Off                ;
; Number of Removed Registers Reported in Synthesis Report                   ; 5000               ; 5000               ;
; Number of Swept Nodes Reported in Synthesis Report                         ; 5000               ; 5000               ;
; Number of Inverted Registers Reported in Synthesis Report                  ; 100                ; 100                ;
; Clock MUX Protection                                                       ; On                 ; On                 ;
; Auto Gated Clock Conversion                                                ; Off                ; Off                ;
; Block Design Naming                                                        ; Auto               ; Auto               ;
; SDC constraint protection                                                  ; Off                ; Off                ;
; Synthesis Effort                                                           ; Auto               ; Auto               ;
; Shift Register Replacement - Allow Asynchronous Clear Signal               ; On                 ; On                 ;
; Pre-Mapping Resynthesis Optimization                                       ; Off                ; Off                ;
; Analysis & Synthesis Message Level                                         ; Medium             ; Medium             ;
; Disable Register Merging Across Hierarchies                                ; Auto               ; Auto               ;
; Resource Aware Inference For Block RAM                                     ; On                 ; On                 ;
; Synthesis Seed                                                             ; 1                  ; 1                  ;
+----------------------------------------------------------------------------+--------------------+--------------------+


+------------------------------------------+
; Parallel Compilation                     ;
+----------------------------+-------------+
; Processors                 ; Number      ;
+----------------------------+-------------+
; Number detected on machine ; 8           ;
; Maximum allowed            ; 4           ;
;                            ;             ;
; Average used               ; 1.00        ;
; Maximum used               ; 1           ;
;                            ;             ;
; Usage by Processor         ; % Time Used ;
;     Processor 1            ; 100.0%      ;
;     Processors 2-8         ;   0.0%      ;
+----------------------------+-------------+


+-------------------------------------------------------------------------------------------------------------------------------------------------------+
; Analysis & Synthesis Source Files Read                                                                                                                ;
+----------------------------------+-----------------+-----------------+----------------------------------------------------------------------+---------+
; File Name with User-Entered Path ; Used in Netlist ; File Type       ; File Name with Absolute Path                                         ; Library ;
+----------------------------------+-----------------+-----------------+----------------------------------------------------------------------+---------+
; seven_segment_display.vhd        ; yes             ; User VHDL File  ; D:/altera/FPGA-Projects/Projects/de2_clock/seven_segment_display.vhd ;         ;
; DE2_CLOCK.vhd                    ; yes             ; User VHDL File  ; D:/altera/FPGA-Projects/Projects/de2_clock/DE2_CLOCK.vhd             ;         ;
+----------------------------------+-----------------+-----------------+----------------------------------------------------------------------+---------+


+---------------------------------------------------------------+
; Analysis & Synthesis Resource Usage Summary                   ;
+---------------------------------------------+-----------------+
; Resource                                    ; Usage           ;
+---------------------------------------------+-----------------+
; Estimated Total logic elements              ; 207             ;
;                                             ;                 ;
; Total combinational functions               ; 205             ;
; Logic element usage by number of LUT inputs ;                 ;
;     -- 4 input functions                    ; 118             ;
;     -- 3 input functions                    ; 34              ;
;     -- <=2 input functions                  ; 53              ;
;                                             ;                 ;
; Logic elements by mode                      ;                 ;
;     -- normal mode                          ; 179             ;
;     -- arithmetic mode                      ; 26              ;
;                                             ;                 ;
; Total registers                             ; 153             ;
;     -- Dedicated logic registers            ; 153             ;
;     -- I/O registers                        ; 0               ;
;                                             ;                 ;
; I/O pins                                    ; 81              ;
; Embedded Multiplier 9-bit elements          ; 0               ;
; Maximum fan-out node                        ; reset_key~input ;
; Maximum fan-out                             ; 135             ;
; Total fan-out                               ; 1317            ;
; Average fan-out                             ; 2.49            ;
+---------------------------------------------+-----------------+


+-----------------------------------------------------------------------------------------------------------------------------------------------------------------------------+
; Analysis & Synthesis Resource Utilization by Entity                                                                                                                         ;
+----------------------------+-------------------+--------------+-------------+--------------+---------+-----------+------+--------------+---------------------+--------------+
; Compilation Hierarchy Node ; LC Combinationals ; LC Registers ; Memory Bits ; DSP Elements ; DSP 9x9 ; DSP 18x18 ; Pins ; Virtual Pins ; Full Hierarchy Name ; Library Name ;
+----------------------------+-------------------+--------------+-------------+--------------+---------+-----------+------+--------------+---------------------+--------------+
; |DE2_CLOCK                 ; 205 (205)         ; 153 (153)    ; 0           ; 0            ; 0       ; 0         ; 81   ; 0            ; |DE2_CLOCK          ; work         ;
+----------------------------+-------------------+--------------+-------------+--------------+---------+-----------+------+--------------+---------------------+--------------+
Note: For table entries with two numbers listed, the numbers in parentheses indicate the number of resources of the given type used by the specific entity alone. The numbers listed outside of parentheses indicate the total resources of the given type used by the specific entity and all of its sub-entities in the hierarchy.


Encoding Type:  One-Hot
+------------------------------------------------------------------------------------------------------------------------------------------------------------------------------------------------------------------------------------------------------------------------------------------------------------------------------------------------------------------------------------------------------------------------------------------------------------------------------------------------------------------------------------------+
; State Machine - |DE2_CLOCK|next_state                                                                                                                                                                                                                                                                                                                                                                                                                                                                                                    ;
+--------------------------+--------------------------+------------------------+-------------------+-----------------+-------------------+---------------------+------------------------+-------------------------+------------------------+------------------------+------------------------+------------------------+------------------------+------------------------+------------------------+------------------------+------------------------+---------------------+-----------------------+---------------------+-------------------+
; Name                     ; next_state.DISPLAY_CLEAR ; next_state.DISPLAY_OFF ; next_state.RESET3 ; next_state.HOLD ; next_state.RESET1 ; next_state.TOGGLE_E ; next_state.RETURN_HOME ; next_state.WRITE_CHAR10 ; next_state.WRITE_CHAR9 ; next_state.WRITE_CHAR8 ; next_state.WRITE_CHAR7 ; next_state.WRITE_CHAR6 ; next_state.WRITE_CHAR5 ; next_state.WRITE_CHAR4 ; next_state.WRITE_CHAR3 ; next_state.WRITE_CHAR2 ; next_state.WRITE_CHAR1 ; next_state.MODE_SET ; next_state.DISPLAY_ON ; next_state.FUNC_SET ; next_state.RESET2 ;
+--------------------------+--------------------------+------------------------+-------------------+-----------------+-------------------+---------------------+------------------------+-------------------------+------------------------+------------------------+------------------------+------------------------+------------------------+------------------------+------------------------+------------------------+------------------------+---------------------+-----------------------+---------------------+-------------------+
; next_state.RESET2        ; 0                        ; 0                      ; 0                 ; 0               ; 0                 ; 0                   ; 0                      ; 0                       ; 0                      ; 0                      ; 0                      ; 0                      ; 0                      ; 0                      ; 0                      ; 0                      ; 0                      ; 0                   ; 0                     ; 0                   ; 0                 ;
; next_state.FUNC_SET      ; 0                        ; 0                      ; 0                 ; 0               ; 0                 ; 0                   ; 0                      ; 0                       ; 0                      ; 0                      ; 0                      ; 0                      ; 0                      ; 0                      ; 0                      ; 0                      ; 0                      ; 0                   ; 0                     ; 1                   ; 1                 ;
; next_state.DISPLAY_ON    ; 0                        ; 0                      ; 0                 ; 0               ; 0                 ; 0                   ; 0                      ; 0                       ; 0                      ; 0                      ; 0                      ; 0                      ; 0                      ; 0                      ; 0                      ; 0                      ; 0                      ; 0                   ; 1                     ; 0                   ; 1                 ;
; next_state.MODE_SET      ; 0                        ; 0                      ; 0                 ; 0               ; 0                 ; 0                   ; 0                      ; 0                       ; 0                      ; 0                      ; 0                      ; 0                      ; 0                      ; 0                      ; 0                      ; 0                      ; 0                      ; 1                   ; 0                     ; 0                   ; 1                 ;
; next_state.WRITE_CHAR1   ; 0                        ; 0                      ; 0                 ; 0               ; 0                 ; 0                   ; 0                      ; 0                       ; 0                      ; 0                      ; 0                      ; 0                      ; 0                      ; 0                      ; 0                      ; 0                      ; 1                      ; 0                   ; 0                     ; 0                   ; 1                 ;
; next_state.WRITE_CHAR2   ; 0                        ; 0                      ; 0                 ; 0               ; 0                 ; 0                   ; 0                      ; 0                       ; 0                      ; 0                      ; 0                      ; 0                      ; 0                      ; 0                      ; 0                      ; 1                      ; 0                      ; 0                   ; 0                     ; 0                   ; 1                 ;
; next_state.WRITE_CHAR3   ; 0                        ; 0                      ; 0                 ; 0               ; 0                 ; 0                   ; 0                      ; 0                       ; 0                      ; 0                      ; 0                      ; 0                      ; 0                      ; 0                      ; 1                      ; 0                      ; 0                      ; 0                   ; 0                     ; 0                   ; 1                 ;
; next_state.WRITE_CHAR4   ; 0                        ; 0                      ; 0                 ; 0               ; 0                 ; 0                   ; 0                      ; 0                       ; 0                      ; 0                      ; 0                      ; 0                      ; 0                      ; 1                      ; 0                      ; 0                      ; 0                      ; 0                   ; 0                     ; 0                   ; 1                 ;
; next_state.WRITE_CHAR5   ; 0                        ; 0                      ; 0                 ; 0               ; 0                 ; 0                   ; 0                      ; 0                       ; 0                      ; 0                      ; 0                      ; 0                      ; 1                      ; 0                      ; 0                      ; 0                      ; 0                      ; 0                   ; 0                     ; 0                   ; 1                 ;
; next_state.WRITE_CHAR6   ; 0                        ; 0                      ; 0                 ; 0               ; 0                 ; 0                   ; 0                      ; 0                       ; 0                      ; 0                      ; 0                      ; 1                      ; 0                      ; 0                      ; 0                      ; 0                      ; 0                      ; 0                   ; 0                     ; 0                   ; 1                 ;
; next_state.WRITE_CHAR7   ; 0                        ; 0                      ; 0                 ; 0               ; 0                 ; 0                   ; 0                      ; 0                       ; 0                      ; 0                      ; 1                      ; 0                      ; 0                      ; 0                      ; 0                      ; 0                      ; 0                      ; 0                   ; 0                     ; 0                   ; 1                 ;
; next_state.WRITE_CHAR8   ; 0                        ; 0                      ; 0                 ; 0               ; 0                 ; 0                   ; 0                      ; 0                       ; 0                      ; 1                      ; 0                      ; 0                      ; 0                      ; 0                      ; 0                      ; 0                      ; 0                      ; 0                   ; 0                     ; 0                   ; 1                 ;
; next_state.WRITE_CHAR9   ; 0                        ; 0                      ; 0                 ; 0               ; 0                 ; 0                   ; 0                      ; 0                       ; 1                      ; 0                      ; 0                      ; 0                      ; 0                      ; 0                      ; 0                      ; 0                      ; 0                      ; 0                   ; 0                     ; 0                   ; 1                 ;
; next_state.WRITE_CHAR10  ; 0                        ; 0                      ; 0                 ; 0               ; 0                 ; 0                   ; 0                      ; 1                       ; 0                      ; 0                      ; 0                      ; 0                      ; 0                      ; 0                      ; 0                      ; 0                      ; 0                      ; 0                   ; 0                     ; 0                   ; 1                 ;
; next_state.RETURN_HOME   ; 0                        ; 0                      ; 0                 ; 0               ; 0                 ; 0                   ; 1                      ; 0                       ; 0                      ; 0                      ; 0                      ; 0                      ; 0                      ; 0                      ; 0                      ; 0                      ; 0                      ; 0                   ; 0                     ; 0                   ; 1                 ;
; next_state.TOGGLE_E      ; 0                        ; 0                      ; 0                 ; 0               ; 0                 ; 1                   ; 0                      ; 0                       ; 0                      ; 0                      ; 0                      ; 0                      ; 0                      ; 0                      ; 0                      ; 0                      ; 0                      ; 0                   ; 0                     ; 0                   ; 1                 ;
; next_state.RESET1        ; 0                        ; 0                      ; 0                 ; 0               ; 1                 ; 0                   ; 0                      ; 0                       ; 0                      ; 0                      ; 0                      ; 0                      ; 0                      ; 0                      ; 0                      ; 0                      ; 0                      ; 0                   ; 0                     ; 0                   ; 1                 ;
; next_state.HOLD          ; 0                        ; 0                      ; 0                 ; 1               ; 0                 ; 0                   ; 0                      ; 0                       ; 0                      ; 0                      ; 0                      ; 0                      ; 0                      ; 0                      ; 0                      ; 0                      ; 0                      ; 0                   ; 0                     ; 0                   ; 1                 ;
; next_state.RESET3        ; 0                        ; 0                      ; 1                 ; 0               ; 0                 ; 0                   ; 0                      ; 0                       ; 0                      ; 0                      ; 0                      ; 0                      ; 0                      ; 0                      ; 0                      ; 0                      ; 0                      ; 0                   ; 0                     ; 0                   ; 1                 ;
; next_state.DISPLAY_OFF   ; 0                        ; 1                      ; 0                 ; 0               ; 0                 ; 0                   ; 0                      ; 0                       ; 0                      ; 0                      ; 0                      ; 0                      ; 0                      ; 0                      ; 0                      ; 0                      ; 0                      ; 0                   ; 0                     ; 0                   ; 1                 ;
; next_state.DISPLAY_CLEAR ; 1                        ; 0                      ; 0                 ; 0               ; 0                 ; 0                   ; 0                      ; 0                       ; 0                      ; 0                      ; 0                      ; 0                      ; 0                      ; 0                      ; 0                      ; 0                      ; 0                      ; 0                   ; 0                     ; 0                   ; 1                 ;
+--------------------------+--------------------------+------------------------+-------------------+-----------------+-------------------+---------------------+------------------------+-------------------------+------------------------+------------------------+------------------------+------------------------+------------------------+------------------------+------------------------+------------------------+------------------------+---------------------+-----------------------+---------------------+-------------------+


Encoding Type:  One-Hot
+------------------------------------------------------------------------------------------------------------------------------------------------------------------------------------------------------------------------------------------------------------------------------------------------------------------------------------------------------------------------------------------------------------------------------------------------------------------------------------------------------------------------------------------------------------------------------------------------------------+
; State Machine - |DE2_CLOCK|current_state                                                                                                                                                                                                                                                                                                                                                                                                                                                                                                                                                                   ;
+-----------------------------+-----------------------------+---------------------------+----------------------+----------------------+--------------------+------------------------+---------------------------+----------------------------+---------------------------+---------------------------+---------------------------+---------------------------+---------------------------+---------------------------+---------------------------+---------------------------+---------------------------+------------------------+--------------------------+------------------------+----------------------+
; Name                        ; current_state.DISPLAY_CLEAR ; current_state.DISPLAY_OFF ; current_state.RESET3 ; current_state.RESET2 ; current_state.HOLD ; current_state.TOGGLE_E ; current_state.RETURN_HOME ; current_state.WRITE_CHAR10 ; current_state.WRITE_CHAR9 ; current_state.WRITE_CHAR8 ; current_state.WRITE_CHAR7 ; current_state.WRITE_CHAR6 ; current_state.WRITE_CHAR5 ; current_state.WRITE_CHAR4 ; current_state.WRITE_CHAR3 ; current_state.WRITE_CHAR2 ; current_state.WRITE_CHAR1 ; current_state.MODE_SET ; current_state.DISPLAY_ON ; current_state.FUNC_SET ; current_state.RESET1 ;
+-----------------------------+-----------------------------+---------------------------+----------------------+----------------------+--------------------+------------------------+---------------------------+----------------------------+---------------------------+---------------------------+---------------------------+---------------------------+---------------------------+---------------------------+---------------------------+---------------------------+---------------------------+------------------------+--------------------------+------------------------+----------------------+
; current_state.RESET1        ; 0                           ; 0                         ; 0                    ; 0                    ; 0                  ; 0                      ; 0                         ; 0                          ; 0                         ; 0                         ; 0                         ; 0                         ; 0                         ; 0                         ; 0                         ; 0                         ; 0                         ; 0                      ; 0                        ; 0                      ; 0                    ;
; current_state.FUNC_SET      ; 0                           ; 0                         ; 0                    ; 0                    ; 0                  ; 0                      ; 0                         ; 0                          ; 0                         ; 0                         ; 0                         ; 0                         ; 0                         ; 0                         ; 0                         ; 0                         ; 0                         ; 0                      ; 0                        ; 1                      ; 1                    ;
; current_state.DISPLAY_ON    ; 0                           ; 0                         ; 0                    ; 0                    ; 0                  ; 0                      ; 0                         ; 0                          ; 0                         ; 0                         ; 0                         ; 0                         ; 0                         ; 0                         ; 0                         ; 0                         ; 0                         ; 0                      ; 1                        ; 0                      ; 1                    ;
; current_state.MODE_SET      ; 0                           ; 0                         ; 0                    ; 0                    ; 0                  ; 0                      ; 0                         ; 0                          ; 0                         ; 0                         ; 0                         ; 0                         ; 0                         ; 0                         ; 0                         ; 0                         ; 0                         ; 1                      ; 0                        ; 0                      ; 1                    ;
; current_state.WRITE_CHAR1   ; 0                           ; 0                         ; 0                    ; 0                    ; 0                  ; 0                      ; 0                         ; 0                          ; 0                         ; 0                         ; 0                         ; 0                         ; 0                         ; 0                         ; 0                         ; 0                         ; 1                         ; 0                      ; 0                        ; 0                      ; 1                    ;
; current_state.WRITE_CHAR2   ; 0                           ; 0                         ; 0                    ; 0                    ; 0                  ; 0                      ; 0                         ; 0                          ; 0                         ; 0                         ; 0                         ; 0                         ; 0                         ; 0                         ; 0                         ; 1                         ; 0                         ; 0                      ; 0                        ; 0                      ; 1                    ;
; current_state.WRITE_CHAR3   ; 0                           ; 0                         ; 0                    ; 0                    ; 0                  ; 0                      ; 0                         ; 0                          ; 0                         ; 0                         ; 0                         ; 0                         ; 0                         ; 0                         ; 1                         ; 0                         ; 0                         ; 0                      ; 0                        ; 0                      ; 1                    ;
; current_state.WRITE_CHAR4   ; 0                           ; 0                         ; 0                    ; 0                    ; 0                  ; 0                      ; 0                         ; 0                          ; 0                         ; 0                         ; 0                         ; 0                         ; 0                         ; 1                         ; 0                         ; 0                         ; 0                         ; 0                      ; 0                        ; 0                      ; 1                    ;
; current_state.WRITE_CHAR5   ; 0                           ; 0                         ; 0                    ; 0                    ; 0                  ; 0                      ; 0                         ; 0                          ; 0                         ; 0                         ; 0                         ; 0                         ; 1                         ; 0                         ; 0                         ; 0                         ; 0                         ; 0                      ; 0                        ; 0                      ; 1                    ;
; current_state.WRITE_CHAR6   ; 0                           ; 0                         ; 0                    ; 0                    ; 0                  ; 0                      ; 0                         ; 0                          ; 0                         ; 0                         ; 0                         ; 1                         ; 0                         ; 0                         ; 0                         ; 0                         ; 0                         ; 0                      ; 0                        ; 0                      ; 1                    ;
; current_state.WRITE_CHAR7   ; 0                           ; 0                         ; 0                    ; 0                    ; 0                  ; 0                      ; 0                         ; 0                          ; 0                         ; 0                         ; 1                         ; 0                         ; 0                         ; 0                         ; 0                         ; 0                         ; 0                         ; 0                      ; 0                        ; 0                      ; 1                    ;
; current_state.WRITE_CHAR8   ; 0                           ; 0                         ; 0                    ; 0                    ; 0                  ; 0                      ; 0                         ; 0                          ; 0                         ; 1                         ; 0                         ; 0                         ; 0                         ; 0                         ; 0                         ; 0                         ; 0                         ; 0                      ; 0                        ; 0                      ; 1                    ;
; current_state.WRITE_CHAR9   ; 0                           ; 0                         ; 0                    ; 0                    ; 0                  ; 0                      ; 0                         ; 0                          ; 1                         ; 0                         ; 0                         ; 0                         ; 0                         ; 0                         ; 0                         ; 0                         ; 0                         ; 0                      ; 0                        ; 0                      ; 1                    ;
; current_state.WRITE_CHAR10  ; 0                           ; 0                         ; 0                    ; 0                    ; 0                  ; 0                      ; 0                         ; 1                          ; 0                         ; 0                         ; 0                         ; 0                         ; 0                         ; 0                         ; 0                         ; 0                         ; 0                         ; 0                      ; 0                        ; 0                      ; 1                    ;
; current_state.RETURN_HOME   ; 0                           ; 0                         ; 0                    ; 0                    ; 0                  ; 0                      ; 1                         ; 0                          ; 0                         ; 0                         ; 0                         ; 0                         ; 0                         ; 0                         ; 0                         ; 0                         ; 0                         ; 0                      ; 0                        ; 0                      ; 1                    ;
; current_state.TOGGLE_E      ; 0                           ; 0                         ; 0                    ; 0                    ; 0                  ; 1                      ; 0                         ; 0                          ; 0                         ; 0                         ; 0                         ; 0                         ; 0                         ; 0                         ; 0                         ; 0                         ; 0                         ; 0                      ; 0                        ; 0                      ; 1                    ;
; current_state.HOLD          ; 0                           ; 0                         ; 0                    ; 0                    ; 1                  ; 0                      ; 0                         ; 0                          ; 0                         ; 0                         ; 0                         ; 0                         ; 0                         ; 0                         ; 0                         ; 0                         ; 0                         ; 0                      ; 0                        ; 0                      ; 1                    ;
; current_state.RESET2        ; 0                           ; 0                         ; 0                    ; 1                    ; 0                  ; 0                      ; 0                         ; 0                          ; 0                         ; 0                         ; 0                         ; 0                         ; 0                         ; 0                         ; 0                         ; 0                         ; 0                         ; 0                      ; 0                        ; 0                      ; 1                    ;
; current_state.RESET3        ; 0                           ; 0                         ; 1                    ; 0                    ; 0                  ; 0                      ; 0                         ; 0                          ; 0                         ; 0                         ; 0                         ; 0                         ; 0                         ; 0                         ; 0                         ; 0                         ; 0                         ; 0                      ; 0                        ; 0                      ; 1                    ;
; current_state.DISPLAY_OFF   ; 0                           ; 1                         ; 0                    ; 0                    ; 0                  ; 0                      ; 0                         ; 0                          ; 0                         ; 0                         ; 0                         ; 0                         ; 0                         ; 0                         ; 0                         ; 0                         ; 0                         ; 0                      ; 0                        ; 0                      ; 1                    ;
; current_state.DISPLAY_CLEAR ; 1                           ; 0                         ; 0                    ; 0                    ; 0                  ; 0                      ; 0                         ; 0                          ; 0                         ; 0                         ; 0                         ; 0                         ; 0                         ; 0                         ; 0                         ; 0                         ; 0                         ; 0                      ; 0                        ; 0                      ; 1                    ;
+-----------------------------+-----------------------------+---------------------------+----------------------+----------------------+--------------------+------------------------+---------------------------+----------------------------+---------------------------+---------------------------+---------------------------+---------------------------+---------------------------+---------------------------+---------------------------+---------------------------+---------------------------+------------------------+--------------------------+------------------------+----------------------+


+--------------------------------------------------------------------------------+
; Registers Removed During Synthesis                                             ;
+---------------------------------------+----------------------------------------+
; Register name                         ; Reason for Removal                     ;
+---------------------------------------+----------------------------------------+
; data_bus_value[6]                     ; Stuck at GND due to stuck port data_in ;
; lcd_rw~reg0                           ; Stuck at GND due to stuck port data_in ;
; next_state.RESET1                     ; Merged with next_state.HOLD            ;
; next_state.TOGGLE_E                   ; Merged with next_state.HOLD            ;
; next_state.HOLD                       ; Stuck at GND due to stuck port data_in ;
; bcd_sec_d1[3]                         ; Stuck at GND due to stuck port data_in ;
; bcd_min_d1[3]                         ; Stuck at GND due to stuck port data_in ;
; Total Number of Removed Registers = 7 ;                                        ;
+---------------------------------------+----------------------------------------+


+------------------------------------------------------+
; General Register Statistics                          ;
+----------------------------------------------+-------+
; Statistic                                    ; Value ;
+----------------------------------------------+-------+
; Total registers                              ; 153   ;
; Number of registers using Synchronous Clear  ; 29    ;
; Number of registers using Synchronous Load   ; 0     ;
; Number of registers using Asynchronous Clear ; 74    ;
; Number of registers using Asynchronous Load  ; 0     ;
; Number of registers using Clock Enable       ; 75    ;
; Number of registers using Preset             ; 0     ;
+----------------------------------------------+-------+


+--------------------------------------------------+
; Inverted Register Statistics                     ;
+----------------------------------------+---------+
; Inverted Register                      ; Fan out ;
+----------------------------------------+---------+
; lcd_enable~reg0                        ; 2       ;
; data_bus_value[3]                      ; 2       ;
; data_bus_value[4]                      ; 2       ;
; data_bus_value[5]                      ; 2       ;
; Total number of inverted registers = 4 ;         ;
+----------------------------------------+---------+


+----------------------------------------------------------------------------------------------------------------------------------------------+
; Multiplexer Restructuring Statistics (Restructuring Performed)                                                                               ;
+--------------------+-----------+---------------+----------------------+------------------------+------------+--------------------------------+
; Multiplexer Inputs ; Bus Width ; Baseline Area ; Area if Restructured ; Saving if Restructured ; Registered ; Example Multiplexer Output     ;
+--------------------+-----------+---------------+----------------------+------------------------+------------+--------------------------------+
; 3:1                ; 20 bits   ; 40 LEs        ; 20 LEs               ; 20 LEs                 ; Yes        ; |DE2_CLOCK|count_clk_400Hz[10] ;
; 3:1                ; 4 bits    ; 8 LEs         ; 4 LEs                ; 4 LEs                  ; Yes        ; |DE2_CLOCK|bcd_hr_d1[2]        ;
+--------------------+-----------+---------------+----------------------+------------------------+------------+--------------------------------+


+-----------------------------------------------------+
; Post-Synthesis Netlist Statistics for Top Partition ;
+-----------------------+-----------------------------+
; Type                  ; Count                       ;
+-----------------------+-----------------------------+
; boundary_port         ; 81                          ;
; cycloneiii_ff         ; 153                         ;
;     CLR               ; 56                          ;
;     ENA               ; 49                          ;
;     ENA CLR           ; 18                          ;
;     ENA SCLR          ; 8                           ;
;     SCLR              ; 21                          ;
;     plain             ; 1                           ;
; cycloneiii_io_obuf    ; 8                           ;
; cycloneiii_lcell_comb ; 209                         ;
;     arith             ; 26                          ;
;         2 data inputs ; 26                          ;
;     normal            ; 183                         ;
;         0 data inputs ; 2                           ;
;         1 data inputs ; 4                           ;
;         2 data inputs ; 25                          ;
;         3 data inputs ; 34                          ;
;         4 data inputs ; 118                         ;
;                       ;                             ;
; Max LUT depth         ; 4.00                        ;
; Average LUT depth     ; 1.76                        ;
+-----------------------+-----------------------------+


+-------------------------------+
; Elapsed Time Per Partition    ;
+----------------+--------------+
; Partition Name ; Elapsed Time ;
+----------------+--------------+
; Top            ; 00:00:00     ;
+----------------+--------------+


+-------------------------------+
; Analysis & Synthesis Messages ;
+-------------------------------+
Info: *******************************************************************
Info: Running Quartus II 64-Bit Analysis & Synthesis
    Info: Version 14.0.0 Build 200 06/17/2014 SJ Web Edition
    Info: Processing started: Tue Oct 14 22:02:05 2014
Info: Command: quartus_map --read_settings_files=on --write_settings_files=off DE2_Clock -c DE2_Clock
Info (11104): Parallel Compilation has detected 8 hyper-threaded processors. However, the extra hyper-threaded processors will not be used by default. Parallel Compilation will use 4 of the 4 physical processors detected instead.
Info (12021): Found 2 design units, including 0 entities, in source file seven_segment_display.vhd
    Info (12022): Found design unit 1: seven_segment_display
    Info (12022): Found design unit 2: seven_segment_display-body
Info (12021): Found 2 design units, including 1 entities, in source file de2_clock.vhd
    Info (12022): Found design unit 1: DE2_CLOCK-DE2_CLOCK_ARCH
    Info (12023): Found entity 1: DE2_CLOCK
Info (12127): Elaborating entity "DE2_CLOCK" for the top level hierarchy
Info (13000): Registers with preset signals will power-up high
Info (13003): DEV_CLRn pin will set, and not reset, register with preset signal due to NOT Gate Push-Back
Warning (13009): TRI or OPNDRN buffers permanently enabled
    Warning (13010): Node "data_bus[0]~synth"
    Warning (13010): Node "data_bus[1]~synth"
    Warning (13010): Node "data_bus[2]~synth"
    Warning (13010): Node "data_bus[3]~synth"
    Warning (13010): Node "data_bus[4]~synth"
    Warning (13010): Node "data_bus[5]~synth"
    Warning (13010): Node "data_bus[7]~synth"
Warning (13024): Output pins are stuck at VCC or GND
    Warning (13410): Pin "lcd_blon" is stuck at VCC
    Warning (13410): Pin "lcd_on" is stuck at VCC
    Warning (13410): Pin "led_counter[7]" is stuck at GND
    Warning (13410): Pin "lcd_rw" is stuck at GND
    Warning (13410): Pin "hex1[0]" is stuck at VCC
    Warning (13410): Pin "hex1[1]" is stuck at VCC
    Warning (13410): Pin "hex1[2]" is stuck at VCC
    Warning (13410): Pin "hex1[3]" is stuck at VCC
    Warning (13410): Pin "hex1[4]" is stuck at VCC
    Warning (13410): Pin "hex1[5]" is stuck at VCC
    Warning (13410): Pin "hex1[6]" is stuck at VCC
Info (16010): Generating hard_block partition "hard_block:auto_generated_inst"
    Info (16011): Adding 0 node(s), including 0 DDIO, 0 PLL, 0 transceiver and 0 LCELL
Info (21057): Implemented 289 device resources after synthesis - the final resource count might be different
    Info (21058): Implemented 2 input pins
    Info (21059): Implemented 71 output pins
    Info (21060): Implemented 8 bidirectional pins
    Info (21061): Implemented 208 logic cells
Info: Quartus II 64-Bit Analysis & Synthesis was successful. 0 errors, 20 warnings
    Info: Peak virtual memory: 577 megabytes
    Info: Processing ended: Tue Oct 14 22:02:07 2014
    Info: Elapsed time: 00:00:02
    Info: Total CPU time (on all processors): 00:00:01


