Assembler report for DE2_Clock
Tue Oct 14 21:54:34 2014
Quartus II 64-Bit Version 14.0.0 Build 200 06/17/2014 SJ Web Edition


---------------------
; Table of Contents ;
---------------------
  1. Legal Notice
  2. Assembler Summary
  3. Assembler Settings
  4. Assembler Generated Files
  5. Assembler Device Options: D:/altera/FPGA-Projects/Projects/de2_clock/DE2_Clock.sof
  6. Assembler Device Options: D:/altera/FPGA-Projects/Projects/de2_clock/DE2_Clock.pof
  7. Assembler Messages



----------------
; Legal Notice ;
----------------
Copyright (C) 1991-2014 Altera Corporation. All rights reserved.
Your use of Altera Corporation's design tools, logic functions 
and other software and tools, and its AMPP partner logic 
functions, and any output files from any of the foregoing 
(including device programming or simulation files), and any 
associated documentation or information are expressly subject 
to the terms and conditions of the Altera Program License 
Subscription Agreement, the Altera Quartus II License Agreement,
the Altera MegaCore Function License Agreement, or other 
applicable license agreement, including, without limitation, 
that your use is for the sole purpose of programming logic 
devices manufactured by Altera and sold by Altera or its 
authorized distributors.  Please refer to the applicable 
agreement for further details.



+---------------------------------------------------------------+
; Assembler Summary                                             ;
+-----------------------+---------------------------------------+
; Assembler Status      ; Successful - Tue Oct 14 21:54:34 2014 ;
; Revision Name         ; DE2_Clock                             ;
; Top-level Entity Name ; DE2_CLOCK                             ;
; Family                ; Cyclone IV E                          ;
; Device                ; EP4CE115F29C7                         ;
+-----------------------+---------------------------------------+


+----------------------------------+
; Assembler Settings               ;
+--------+---------+---------------+
; Option ; Setting ; Default Value ;
+--------+---------+---------------+


+----------------------------------------------------------+
; Assembler Generated Files                                ;
+----------------------------------------------------------+
; File Name                                                ;
+----------------------------------------------------------+
; D:/altera/FPGA-Projects/Projects/de2_clock/DE2_Clock.sof ;
; D:/altera/FPGA-Projects/Projects/de2_clock/DE2_Clock.pof ;
+----------------------------------------------------------+


+------------------------------------------------------------------------------------+
; Assembler Device Options: D:/altera/FPGA-Projects/Projects/de2_clock/DE2_Clock.sof ;
+----------------+-------------------------------------------------------------------+
; Option         ; Setting                                                           ;
+----------------+-------------------------------------------------------------------+
; Device         ; EP4CE115F29C7                                                     ;
; JTAG usercode  ; 0x0058CA6C                                                        ;
; Checksum       ; 0x0058CA6C                                                        ;
+----------------+-------------------------------------------------------------------+


+------------------------------------------------------------------------------------+
; Assembler Device Options: D:/altera/FPGA-Projects/Projects/de2_clock/DE2_Clock.pof ;
+--------------------+---------------------------------------------------------------+
; Option             ; Setting                                                       ;
+--------------------+---------------------------------------------------------------+
; Device             ; EPCS64                                                        ;
; JTAG usercode      ; 0x00000000                                                    ;
; Checksum           ; 0x712A538E                                                    ;
; Compression Ratio  ; 3                                                             ;
+--------------------+---------------------------------------------------------------+


+--------------------+
; Assembler Messages ;
+--------------------+
Info: *******************************************************************
Info: Running Quartus II 64-Bit Assembler
    Info: Version 14.0.0 Build 200 06/17/2014 SJ Web Edition
    Info: Processing started: Tue Oct 14 21:54:29 2014
Info: Command: quartus_asm --read_settings_files=off --write_settings_files=off DE2_Clock -c DE2_Clock
Info (115031): Writing out detailed assembly data for power analysis
Info (115030): Assembler is generating device programming files
Info: Quartus II 64-Bit Assembler was successful. 0 errors, 0 warnings
    Info: Peak virtual memory: 509 megabytes
    Info: Processing ended: Tue Oct 14 21:54:34 2014
    Info: Elapsed time: 00:00:05
    Info: Total CPU time (on all processors): 00:00:05


