Analysis & Synthesis report for UART
Sat Nov 08 20:51:38 2014
Quartus II 64-Bit Version 14.0.0 Build 200 06/17/2014 SJ Web Edition


---------------------
; Table of Contents ;
---------------------
  1. Legal Notice
  2. Analysis & Synthesis Summary
  3. Analysis & Synthesis Settings
  4. Parallel Compilation
  5. Analysis & Synthesis Source Files Read
  6. Analysis & Synthesis Resource Usage Summary
  7. Analysis & Synthesis Resource Utilization by Entity
  8. State Machine - |UART|STATE
  9. State Machine - |UART|lcd_controller:LCD_COM|state
 10. Registers Removed During Synthesis
 11. Removed Registers Triggering Further Register Optimizations
 12. General Register Statistics
 13. Inverted Register Statistics
 14. Multiplexer Restructuring Statistics (Restructuring Performed)
 15. Post-Synthesis Netlist Statistics for Top Partition
 16. Elapsed Time Per Partition
 17. Analysis & Synthesis Messages



----------------
; Legal Notice ;
----------------
Copyright (C) 1991-2014 Altera Corporation. All rights reserved.
Your use of Altera Corporation's design tools, logic functions 
and other software and tools, and its AMPP partner logic 
functions, and any output files from any of the foregoing 
(including device programming or simulation files), and any 
associated documentation or information are expressly subject 
to the terms and conditions of the Altera Program License 
Subscription Agreement, the Altera Quartus II License Agreement,
the Altera MegaCore Function License Agreement, or other 
applicable license agreement, including, without limitation, 
that your use is for the sole purpose of programming logic 
devices manufactured by Altera and sold by Altera or its 
authorized distributors.  Please refer to the applicable 
agreement for further details.



+---------------------------------------------------------------------------------+
; Analysis & Synthesis Summary                                                    ;
+------------------------------------+--------------------------------------------+
; Analysis & Synthesis Status        ; Successful - Sat Nov 08 20:51:38 2014      ;
; Quartus II 64-Bit Version          ; 14.0.0 Build 200 06/17/2014 SJ Web Edition ;
; Revision Name                      ; UART                                       ;
; Top-level Entity Name              ; UART                                       ;
; Family                             ; Cyclone IV E                               ;
; Total logic elements               ; 390                                        ;
;     Total combinational functions  ; 365                                        ;
;     Dedicated logic registers      ; 195                                        ;
; Total registers                    ; 195                                        ;
; Total pins                         ; 47                                         ;
; Total virtual pins                 ; 0                                          ;
; Total memory bits                  ; 0                                          ;
; Embedded Multiplier 9-bit elements ; 0                                          ;
; Total PLLs                         ; 0                                          ;
+------------------------------------+--------------------------------------------+


+----------------------------------------------------------------------------------------------------------------------+
; Analysis & Synthesis Settings                                                                                        ;
+----------------------------------------------------------------------------+--------------------+--------------------+
; Option                                                                     ; Setting            ; Default Value      ;
+----------------------------------------------------------------------------+--------------------+--------------------+
; Device                                                                     ; EP4CE115F29C7      ;                    ;
; Top-level entity name                                                      ; UART               ; UART               ;
; Family name                                                                ; Cyclone IV E       ; Cyclone IV GX      ;
; Optimization Technique                                                     ; Speed              ; Balanced           ;
; Use smart compilation                                                      ; Off                ; Off                ;
; Enable parallel Assembler and TimeQuest Timing Analyzer during compilation ; On                 ; On                 ;
; Enable compact report table                                                ; Off                ; Off                ;
; Restructure Multiplexers                                                   ; Auto               ; Auto               ;
; Create Debugging Nodes for IP Cores                                        ; Off                ; Off                ;
; Preserve fewer node names                                                  ; On                 ; On                 ;
; Disable OpenCore Plus hardware evaluation                                  ; Off                ; Off                ;
; Verilog Version                                                            ; Verilog_2001       ; Verilog_2001       ;
; VHDL Version                                                               ; VHDL_1993          ; VHDL_1993          ;
; State Machine Processing                                                   ; Auto               ; Auto               ;
; Safe State Machine                                                         ; Off                ; Off                ;
; Extract Verilog State Machines                                             ; On                 ; On                 ;
; Extract VHDL State Machines                                                ; On                 ; On                 ;
; Ignore Verilog initial constructs                                          ; Off                ; Off                ;
; Iteration limit for constant Verilog loops                                 ; 5000               ; 5000               ;
; Iteration limit for non-constant Verilog loops                             ; 250                ; 250                ;
; Add Pass-Through Logic to Inferred RAMs                                    ; On                 ; On                 ;
; Infer RAMs from Raw Logic                                                  ; On                 ; On                 ;
; Parallel Synthesis                                                         ; On                 ; On                 ;
; DSP Block Balancing                                                        ; Auto               ; Auto               ;
; NOT Gate Push-Back                                                         ; On                 ; On                 ;
; Power-Up Don't Care                                                        ; On                 ; On                 ;
; Remove Redundant Logic Cells                                               ; Off                ; Off                ;
; Remove Duplicate Registers                                                 ; On                 ; On                 ;
; Ignore CARRY Buffers                                                       ; Off                ; Off                ;
; Ignore CASCADE Buffers                                                     ; Off                ; Off                ;
; Ignore GLOBAL Buffers                                                      ; Off                ; Off                ;
; Ignore ROW GLOBAL Buffers                                                  ; Off                ; Off                ;
; Ignore LCELL Buffers                                                       ; Off                ; Off                ;
; Ignore SOFT Buffers                                                        ; On                 ; On                 ;
; Limit AHDL Integers to 32 Bits                                             ; Off                ; Off                ;
; Carry Chain Length                                                         ; 70                 ; 70                 ;
; Auto Carry Chains                                                          ; On                 ; On                 ;
; Auto Open-Drain Pins                                                       ; On                 ; On                 ;
; Perform WYSIWYG Primitive Resynthesis                                      ; Off                ; Off                ;
; Auto ROM Replacement                                                       ; On                 ; On                 ;
; Auto RAM Replacement                                                       ; On                 ; On                 ;
; Auto DSP Block Replacement                                                 ; On                 ; On                 ;
; Auto Shift Register Replacement                                            ; Auto               ; Auto               ;
; Allow Shift Register Merging across Hierarchies                            ; Auto               ; Auto               ;
; Auto Clock Enable Replacement                                              ; On                 ; On                 ;
; Strict RAM Replacement                                                     ; Off                ; Off                ;
; Allow Synchronous Control Signals                                          ; On                 ; On                 ;
; Force Use of Synchronous Clear Signals                                     ; Off                ; Off                ;
; Auto RAM Block Balancing                                                   ; On                 ; On                 ;
; Auto RAM to Logic Cell Conversion                                          ; Off                ; Off                ;
; Auto Resource Sharing                                                      ; Off                ; Off                ;
; Allow Any RAM Size For Recognition                                         ; Off                ; Off                ;
; Allow Any ROM Size For Recognition                                         ; Off                ; Off                ;
; Allow Any Shift Register Size For Recognition                              ; Off                ; Off                ;
; Use LogicLock Constraints during Resource Balancing                        ; On                 ; On                 ;
; Ignore translate_off and synthesis_off directives                          ; Off                ; Off                ;
; Timing-Driven Synthesis                                                    ; On                 ; On                 ;
; Report Parameter Settings                                                  ; On                 ; On                 ;
; Report Source Assignments                                                  ; On                 ; On                 ;
; Report Connectivity Checks                                                 ; On                 ; On                 ;
; Ignore Maximum Fan-Out Assignments                                         ; Off                ; Off                ;
; Synchronization Register Chain Length                                      ; 2                  ; 2                  ;
; PowerPlay Power Optimization                                               ; Normal compilation ; Normal compilation ;
; HDL message level                                                          ; Level2             ; Level2             ;
; Suppress Register Optimization Related Messages                            ; Off                ; Off                ;
; Number of Removed Registers Reported in Synthesis Report                   ; 5000               ; 5000               ;
; Number of Swept Nodes Reported in Synthesis Report                         ; 5000               ; 5000               ;
; Number of Inverted Registers Reported in Synthesis Report                  ; 100                ; 100                ;
; Clock MUX Protection                                                       ; On                 ; On                 ;
; Auto Gated Clock Conversion                                                ; Off                ; Off                ;
; Block Design Naming                                                        ; Auto               ; Auto               ;
; SDC constraint protection                                                  ; Off                ; Off                ;
; Synthesis Effort                                                           ; Auto               ; Auto               ;
; Shift Register Replacement - Allow Asynchronous Clear Signal               ; On                 ; On                 ;
; Pre-Mapping Resynthesis Optimization                                       ; Off                ; Off                ;
; Analysis & Synthesis Message Level                                         ; Medium             ; Medium             ;
; Disable Register Merging Across Hierarchies                                ; Auto               ; Auto               ;
; Resource Aware Inference For Block RAM                                     ; On                 ; On                 ;
; Synthesis Seed                                                             ; 1                  ; 1                  ;
+----------------------------------------------------------------------------+--------------------+--------------------+


+------------------------------------------+
; Parallel Compilation                     ;
+----------------------------+-------------+
; Processors                 ; Number      ;
+----------------------------+-------------+
; Number detected on machine ; 8           ;
; Maximum allowed            ; 4           ;
;                            ;             ;
; Average used               ; 1.00        ;
; Maximum used               ; 4           ;
;                            ;             ;
; Usage by Processor         ; % Time Used ;
;     Processor 1            ; 100.0%      ;
;     Processors 2-4         ; < 0.1%      ;
;     Processors 5-8         ;   0.0%      ;
+----------------------------+-------------+


+-------------------------------------------------------------------------------------------------------------------------------------------+
; Analysis & Synthesis Source Files Read                                                                                                    ;
+----------------------------------+-----------------+-----------------+----------------------------------------------------------+---------+
; File Name with User-Entered Path ; Used in Netlist ; File Type       ; File Name with Absolute Path                             ; Library ;
+----------------------------------+-----------------+-----------------+----------------------------------------------------------+---------+
; lcd_controller.vhd               ; yes             ; User VHDL File  ; D:/altera/FPGA-Projects/Projects/UART/lcd_controller.vhd ;         ;
; TX.vhd                           ; yes             ; User VHDL File  ; D:/altera/FPGA-Projects/Projects/UART/TX.vhd             ;         ;
; UART.vhd                         ; yes             ; User VHDL File  ; D:/altera/FPGA-Projects/Projects/UART/UART.vhd           ;         ;
; RX.vhd                           ; yes             ; User VHDL File  ; D:/altera/FPGA-Projects/Projects/UART/RX.vhd             ;         ;
+----------------------------------+-----------------+-----------------+----------------------------------------------------------+---------+


+---------------------------------------------------------------+
; Analysis & Synthesis Resource Usage Summary                   ;
+---------------------------------------------+-----------------+
; Resource                                    ; Usage           ;
+---------------------------------------------+-----------------+
; Estimated Total logic elements              ; 390             ;
;                                             ;                 ;
; Total combinational functions               ; 365             ;
; Logic element usage by number of LUT inputs ;                 ;
;     -- 4 input functions                    ; 197             ;
;     -- 3 input functions                    ; 39              ;
;     -- <=2 input functions                  ; 129             ;
;                                             ;                 ;
; Logic elements by mode                      ;                 ;
;     -- normal mode                          ; 279             ;
;     -- arithmetic mode                      ; 86              ;
;                                             ;                 ;
; Total registers                             ; 195             ;
;     -- Dedicated logic registers            ; 195             ;
;     -- I/O registers                        ; 0               ;
;                                             ;                 ;
; I/O pins                                    ; 47              ;
; Embedded Multiplier 9-bit elements          ; 0               ;
; Maximum fan-out node                        ; clk_50Mhz~input ;
; Maximum fan-out                             ; 186             ;
; Total fan-out                               ; 1768            ;
; Average fan-out                             ; 2.70            ;
+---------------------------------------------+-----------------+


+---------------------------------------------------------------------------------------------------------------------------------------------------------------------------------------+
; Analysis & Synthesis Resource Utilization by Entity                                                                                                                                   ;
+-----------------------------+-------------------+--------------+-------------+--------------+---------+-----------+------+--------------+------------------------------+--------------+
; Compilation Hierarchy Node  ; LC Combinationals ; LC Registers ; Memory Bits ; DSP Elements ; DSP 9x9 ; DSP 18x18 ; Pins ; Virtual Pins ; Full Hierarchy Name          ; Library Name ;
+-----------------------------+-------------------+--------------+-------------+--------------+---------+-----------+------+--------------+------------------------------+--------------+
; |UART                       ; 365 (152)         ; 195 (85)     ; 0           ; 0            ; 0       ; 0         ; 47   ; 0            ; |UART                        ; work         ;
;    |RX:RX_COM|              ; 62 (62)           ; 37 (37)      ; 0           ; 0            ; 0       ; 0         ; 0    ; 0            ; |UART|RX:RX_COM              ; work         ;
;    |TX:TX_COM|              ; 35 (35)           ; 27 (27)      ; 0           ; 0            ; 0       ; 0         ; 0    ; 0            ; |UART|TX:TX_COM              ; work         ;
;    |lcd_controller:LCD_COM| ; 116 (116)         ; 46 (46)      ; 0           ; 0            ; 0       ; 0         ; 0    ; 0            ; |UART|lcd_controller:LCD_COM ; work         ;
+-----------------------------+-------------------+--------------+-------------+--------------+---------+-----------+------+--------------+------------------------------+--------------+
Note: For table entries with two numbers listed, the numbers in parentheses indicate the number of resources of the given type used by the specific entity alone. The numbers listed outside of parentheses indicate the total resources of the given type used by the specific entity and all of its sub-entities in the hierarchy.


Encoding Type:  One-Hot
+-----------------------------------------------------------------------------------------------------------------------------------------------------------------------------------+
; State Machine - |UART|STATE                                                                                                                                                       ;
+--------------------+-------------+-------------+--------------------+--------------------+------------------+------------------+-----------+-----------+------------+-------------+
; Name               ; STATE.RESET ; STATE.PAUSE ; STATE.RXD_POSITION ; STATE.TXD_POSITION ; STATE.RXD_UPDATE ; STATE.TXD_UPDATE ; STATE.RXD ; STATE.TXD ; STATE.IDLE ; STATE.SETUP ;
+--------------------+-------------+-------------+--------------------+--------------------+------------------+------------------+-----------+-----------+------------+-------------+
; STATE.SETUP        ; 0           ; 0           ; 0                  ; 0                  ; 0                ; 0                ; 0         ; 0         ; 0          ; 0           ;
; STATE.IDLE         ; 0           ; 0           ; 0                  ; 0                  ; 0                ; 0                ; 0         ; 0         ; 1          ; 1           ;
; STATE.TXD          ; 0           ; 0           ; 0                  ; 0                  ; 0                ; 0                ; 0         ; 1         ; 0          ; 1           ;
; STATE.RXD          ; 0           ; 0           ; 0                  ; 0                  ; 0                ; 0                ; 1         ; 0         ; 0          ; 1           ;
; STATE.TXD_UPDATE   ; 0           ; 0           ; 0                  ; 0                  ; 0                ; 1                ; 0         ; 0         ; 0          ; 1           ;
; STATE.RXD_UPDATE   ; 0           ; 0           ; 0                  ; 0                  ; 1                ; 0                ; 0         ; 0         ; 0          ; 1           ;
; STATE.TXD_POSITION ; 0           ; 0           ; 0                  ; 1                  ; 0                ; 0                ; 0         ; 0         ; 0          ; 1           ;
; STATE.RXD_POSITION ; 0           ; 0           ; 1                  ; 0                  ; 0                ; 0                ; 0         ; 0         ; 0          ; 1           ;
; STATE.PAUSE        ; 0           ; 1           ; 0                  ; 0                  ; 0                ; 0                ; 0         ; 0         ; 0          ; 1           ;
; STATE.RESET        ; 1           ; 0           ; 0                  ; 0                  ; 0                ; 0                ; 0         ; 0         ; 0          ; 1           ;
+--------------------+-------------+-------------+--------------------+--------------------+------------------+------------------+-----------+-----------+------------+-------------+


Encoding Type:  One-Hot
+---------------------------------------------------------------------------------+
; State Machine - |UART|lcd_controller:LCD_COM|state                              ;
+------------------+------------+-------------+------------------+----------------+
; Name             ; state.send ; state.ready ; state.initialize ; state.power_up ;
+------------------+------------+-------------+------------------+----------------+
; state.power_up   ; 0          ; 0           ; 0                ; 0              ;
; state.initialize ; 0          ; 0           ; 1                ; 1              ;
; state.ready      ; 0          ; 1           ; 0                ; 1              ;
; state.send       ; 1          ; 0           ; 0                ; 1              ;
+------------------+------------+-------------+------------------+----------------+


+----------------------------------------------------------------------------------+
; Registers Removed During Synthesis                                               ;
+-----------------------------------------+----------------------------------------+
; Register name                           ; Reason for Removal                     ;
+-----------------------------------------+----------------------------------------+
; TX:TX_COM|datafill[0]                   ; Stuck at GND due to stuck port data_in ;
; TX:TX_COM|datafill[9]                   ; Stuck at VCC due to stuck port data_in ;
; TX:TX_COM|tx_flag                       ; Merged with TX:TX_COM|busy             ;
; STATE.RXD                               ; Stuck at GND due to stuck port data_in ;
; STATE.RXD_POSITION                      ; Stuck at GND due to stuck port data_in ;
; STATE.RXD_UPDATE                        ; Stuck at GND due to stuck port data_in ;
; lcd_controller:LCD_COM|state.initialize ; Stuck at GND due to stuck port data_in ;
; lcd_bus[8]                              ; Stuck at GND due to stuck port data_in ;
; lcd_controller:LCD_COM|rw               ; Stuck at GND due to stuck port data_in ;
; Total Number of Removed Registers = 9   ;                                        ;
+-----------------------------------------+----------------------------------------+


+------------------------------------------------------------------------------------+
; Removed Registers Triggering Further Register Optimizations                        ;
+---------------+---------------------------+----------------------------------------+
; Register name ; Reason for Removal        ; Registers Removed due to This Register ;
+---------------+---------------------------+----------------------------------------+
; STATE.RXD     ; Stuck at GND              ; lcd_bus[8], lcd_controller:LCD_COM|rw  ;
;               ; due to stuck port data_in ;                                        ;
+---------------+---------------------------+----------------------------------------+


+------------------------------------------------------+
; General Register Statistics                          ;
+----------------------------------------------+-------+
; Statistic                                    ; Value ;
+----------------------------------------------+-------+
; Total registers                              ; 195   ;
; Number of registers using Synchronous Clear  ; 26    ;
; Number of registers using Synchronous Load   ; 1     ;
; Number of registers using Asynchronous Clear ; 0     ;
; Number of registers using Asynchronous Load  ; 0     ;
; Number of registers using Clock Enable       ; 118   ;
; Number of registers using Preset             ; 0     ;
+----------------------------------------------+-------+


+--------------------------------------------------+
; Inverted Register Statistics                     ;
+----------------------------------------+---------+
; Inverted Register                      ; Fan out ;
+----------------------------------------+---------+
; lcd_controller:LCD_COM|busy            ; 12      ;
; lcd_reset                              ; 3       ;
; Total number of inverted registers = 2 ;         ;
+----------------------------------------+---------+


+---------------------------------------------------------------------------------------------------------------------------------------------------------+
; Multiplexer Restructuring Statistics (Restructuring Performed)                                                                                          ;
+--------------------+-----------+---------------+----------------------+------------------------+------------+-------------------------------------------+
; Multiplexer Inputs ; Bus Width ; Baseline Area ; Area if Restructured ; Saving if Restructured ; Registered ; Example Multiplexer Output                ;
+--------------------+-----------+---------------+----------------------+------------------------+------------+-------------------------------------------+
; 4:1                ; 13 bits   ; 26 LEs        ; 13 LEs               ; 13 LEs                 ; Yes        ; |UART|RX:RX_COM|prscl[0]                  ;
; 4:1                ; 8 bits    ; 16 LEs        ; 8 LEs                ; 8 LEs                  ; Yes        ; |UART|led_g[7]~reg0                       ;
; 3:1                ; 2 bits    ; 4 LEs         ; 2 LEs                ; 2 LEs                  ; Yes        ; |UART|RX:RX_COM|busy                      ;
; 3:1                ; 4 bits    ; 8 LEs         ; 4 LEs                ; 4 LEs                  ; Yes        ; |UART|RX:RX_COM|index[0]                  ;
; 5:1                ; 2 bits    ; 6 LEs         ; 2 LEs                ; 4 LEs                  ; Yes        ; |UART|lcd_controller:LCD_COM|rw           ;
; 6:1                ; 4 bits    ; 16 LEs        ; 4 LEs                ; 12 LEs                 ; Yes        ; |UART|char_index[3]                       ;
; 14:1               ; 8 bits    ; 72 LEs        ; 56 LEs               ; 16 LEs                 ; Yes        ; |UART|lcd_controller:LCD_COM|lcd_data[0]  ;
; 14:1               ; 31 bits   ; 279 LEs       ; 31 LEs               ; 248 LEs                ; Yes        ; |UART|lcd_controller:LCD_COM|clk_count[0] ;
; 23:1               ; 2 bits    ; 30 LEs        ; 20 LEs               ; 10 LEs                 ; Yes        ; |UART|lcd_bus[4]                          ;
; 23:1               ; 3 bits    ; 45 LEs        ; 33 LEs               ; 12 LEs                 ; Yes        ; |UART|lcd_bus[2]                          ;
; 11:1               ; 4 bits    ; 28 LEs        ; 16 LEs               ; 12 LEs                 ; No         ; |UART|Selector15                          ;
+--------------------+-----------+---------------+----------------------+------------------------+------------+-------------------------------------------+


+-----------------------------------------------------+
; Post-Synthesis Netlist Statistics for Top Partition ;
+-----------------------+-----------------------------+
; Type                  ; Count                       ;
+-----------------------+-----------------------------+
; boundary_port         ; 47                          ;
; cycloneiii_ff         ; 195                         ;
;     ENA               ; 92                          ;
;     ENA SCLR          ; 26                          ;
;     SLD               ; 1                           ;
;     plain             ; 76                          ;
; cycloneiii_lcell_comb ; 367                         ;
;     arith             ; 86                          ;
;         2 data inputs ; 86                          ;
;     normal            ; 281                         ;
;         0 data inputs ; 2                           ;
;         1 data inputs ; 4                           ;
;         2 data inputs ; 39                          ;
;         3 data inputs ; 39                          ;
;         4 data inputs ; 197                         ;
;                       ;                             ;
; Max LUT depth         ; 9.70                        ;
; Average LUT depth     ; 4.15                        ;
+-----------------------+-----------------------------+


+-------------------------------+
; Elapsed Time Per Partition    ;
+----------------+--------------+
; Partition Name ; Elapsed Time ;
+----------------+--------------+
; Top            ; 00:00:01     ;
+----------------+--------------+


+-------------------------------+
; Analysis & Synthesis Messages ;
+-------------------------------+
Info: *******************************************************************
Info: Running Quartus II 64-Bit Analysis & Synthesis
    Info: Version 14.0.0 Build 200 06/17/2014 SJ Web Edition
    Info: Processing started: Sat Nov 08 20:51:35 2014
Info: Command: quartus_map --read_settings_files=on --write_settings_files=off UART -c UART
Info (11104): Parallel Compilation has detected 8 hyper-threaded processors. However, the extra hyper-threaded processors will not be used by default. Parallel Compilation will use 4 of the 4 physical processors detected instead.
Info (12021): Found 2 design units, including 1 entities, in source file lcd_controller.vhd
    Info (12022): Found design unit 1: lcd_controller-MAIN
    Info (12023): Found entity 1: lcd_controller
Info (12021): Found 2 design units, including 1 entities, in source file tx.vhd
    Info (12022): Found design unit 1: TX-MAIN
    Info (12023): Found entity 1: TX
Info (12021): Found 2 design units, including 1 entities, in source file uart.vhd
    Info (12022): Found design unit 1: UART-main
    Info (12023): Found entity 1: UART
Info (12021): Found 2 design units, including 1 entities, in source file rx.vhd
    Info (12022): Found design unit 1: RX-MAIN
    Info (12023): Found entity 1: RX
Info (12127): Elaborating entity "UART" for the top level hierarchy
Warning (10540): VHDL Signal Declaration warning at UART.vhd(19): used explicit default value for signal "lcd_on" because signal was never assigned a value
Warning (10873): Using initial value X (don't care) for net "led_r[9..8]" at UART.vhd(12)
Info (12128): Elaborating entity "TX" for hierarchy "TX:TX_COM"
Info (12128): Elaborating entity "RX" for hierarchy "RX:RX_COM"
Info (12128): Elaborating entity "lcd_controller" for hierarchy "lcd_controller:LCD_COM"
Info (286030): Timing-Driven Synthesis is running
Warning (13024): Output pins are stuck at VCC or GND
    Warning (13410): Pin "led_r[8]" is stuck at GND
    Warning (13410): Pin "led_r[9]" is stuck at GND
    Warning (13410): Pin "lcd_on" is stuck at VCC
    Warning (13410): Pin "lcd_rw" is stuck at GND
Info (16010): Generating hard_block partition "hard_block:auto_generated_inst"
    Info (16011): Adding 0 node(s), including 0 DDIO, 0 PLL, 0 transceiver and 0 LCELL
Warning (21074): Design contains 4 input pin(s) that do not drive logic
    Warning (15610): No output dependent on input pin "key[2]"
    Warning (15610): No output dependent on input pin "key[3]"
    Warning (15610): No output dependent on input pin "sw[8]"
    Warning (15610): No output dependent on input pin "sw[9]"
Info (21057): Implemented 439 device resources after synthesis - the final resource count might be different
    Info (21058): Implemented 16 input pins
    Info (21059): Implemented 31 output pins
    Info (21061): Implemented 392 logic cells
Info: Quartus II 64-Bit Analysis & Synthesis was successful. 0 errors, 12 warnings
    Info: Peak virtual memory: 621 megabytes
    Info: Processing ended: Sat Nov 08 20:51:38 2014
    Info: Elapsed time: 00:00:03
    Info: Total CPU time (on all processors): 00:00:03


