Partition Merge report for SPI_Comms
Mon Aug 31 21:05:27 2015
Quartus II 64-Bit Version 15.0.2 Build 153 07/15/2015 SJ Web Edition


---------------------
; Table of Contents ;
---------------------
  1. Legal Notice
  2. Partition Merge Summary
  3. Partition Merge Netlist Types Used
  4. Partition Merge Partition Statistics
  5. Partition Merge Partition Pin Processing
  6. Partition Merge Resource Usage Summary
  7. Partition Merge Messages



----------------
; Legal Notice ;
----------------
Copyright (C) 1991-2015 Altera Corporation. All rights reserved.
Your use of Altera Corporation's design tools, logic functions 
and other software and tools, and its AMPP partner logic 
functions, and any output files from any of the foregoing 
(including device programming or simulation files), and any 
associated documentation or information are expressly subject 
to the terms and conditions of the Altera Program License 
Subscription Agreement, the Altera Quartus II License Agreement,
the Altera MegaCore Function License Agreement, or other 
applicable license agreement, including, without limitation, 
that your use is for the sole purpose of programming logic 
devices manufactured by Altera and sold by Altera or its 
authorized distributors.  Please refer to the applicable 
agreement for further details.



+---------------------------------------------------------------------------------+
; Partition Merge Summary                                                         ;
+------------------------------------+--------------------------------------------+
; Partition Merge Status             ; Successful - Mon Aug 31 21:05:27 2015      ;
; Quartus II 64-Bit Version          ; 15.0.2 Build 153 07/15/2015 SJ Web Edition ;
; Revision Name                      ; SPI_Comms                                  ;
; Top-level Entity Name              ; SPI_Comms                                  ;
; Family                             ; Cyclone IV E                               ;
; Total logic elements               ; 87                                         ;
;     Total combinational functions  ; 65                                         ;
;     Dedicated logic registers      ; 73                                         ;
; Total registers                    ; 73                                         ;
; Total pins                         ; 33                                         ;
; Total virtual pins                 ; 0                                          ;
; Total memory bits                  ; 0                                          ;
; Embedded Multiplier 9-bit elements ; 0                                          ;
; Total PLLs                         ; 0                                          ;
+------------------------------------+--------------------------------------------+


+-------------------------------------------------------------------------------------------------------------------------------+
; Partition Merge Netlist Types Used                                                                                            ;
+--------------------------------+----------------+-------------------+------------------------+--------------------------------+
; Partition Name                 ; Partition Type ; Netlist Type Used ; Netlist Type Requested ; Partition Contents             ;
+--------------------------------+----------------+-------------------+------------------------+--------------------------------+
; Top                            ; User-created   ; Source File       ; Source File            ;                                ;
; hard_block:auto_generated_inst ; Auto-generated ; Source File       ; Source File            ; hard_block:auto_generated_inst ;
+--------------------------------+----------------+-------------------+------------------------+--------------------------------+


+------------------------------------------------------------------------------------+
; Partition Merge Partition Statistics                                               ;
+---------------------------------------------+-----+--------------------------------+
; Statistic                                   ; Top ; hard_block:auto_generated_inst ;
+---------------------------------------------+-----+--------------------------------+
; Estimated Total logic elements              ; 87  ; 0                              ;
;                                             ;     ;                                ;
; Total combinational functions               ; 65  ; 0                              ;
; Logic element usage by number of LUT inputs ;     ;                                ;
;     -- 4 input functions                    ; 37  ; 0                              ;
;     -- 3 input functions                    ; 6   ; 0                              ;
;     -- <=2 input functions                  ; 22  ; 0                              ;
;                                             ;     ;                                ;
; Logic elements by mode                      ;     ;                                ;
;     -- normal mode                          ; 61  ; 0                              ;
;     -- arithmetic mode                      ; 4   ; 0                              ;
;                                             ;     ;                                ;
; Total registers                             ; 73  ; 0                              ;
;     -- Dedicated logic registers            ; 73  ; 0                              ;
;     -- I/O registers                        ; 0   ; 0                              ;
;                                             ;     ;                                ;
; Virtual pins                                ; 0   ; 0                              ;
; I/O pins                                    ; 33  ; 0                              ;
; Embedded Multiplier 9-bit elements          ; 0   ; 0                              ;
; Total memory bits                           ; 0   ; 0                              ;
; Total RAM block bits                        ; 0   ; 0                              ;
;                                             ;     ;                                ;
; Connections                                 ;     ;                                ;
;     -- Input Connections                    ; 0   ; 0                              ;
;     -- Registered Input Connections         ; 0   ; 0                              ;
;     -- Output Connections                   ; 0   ; 0                              ;
;     -- Registered Output Connections        ; 0   ; 0                              ;
;                                             ;     ;                                ;
; Internal Connections                        ;     ;                                ;
;     -- Total Connections                    ; 466 ; 0                              ;
;     -- Registered Connections               ; 225 ; 0                              ;
;                                             ;     ;                                ;
; External Connections                        ;     ;                                ;
;     -- Top                                  ; 0   ; 0                              ;
;     -- hard_block:auto_generated_inst       ; 0   ; 0                              ;
;                                             ;     ;                                ;
; Partition Interface                         ;     ;                                ;
;     -- Input Ports                          ; 4   ; 0                              ;
;     -- Output Ports                         ; 29  ; 0                              ;
;     -- Bidir Ports                          ; 0   ; 0                              ;
;                                             ;     ;                                ;
; Registered Ports                            ;     ;                                ;
;     -- Registered Input Ports               ; 0   ; 0                              ;
;     -- Registered Output Ports              ; 0   ; 0                              ;
;                                             ;     ;                                ;
; Port Connectivity                           ;     ;                                ;
;     -- Input Ports driven by GND            ; 0   ; 0                              ;
;     -- Output Ports driven by GND           ; 0   ; 0                              ;
;     -- Input Ports driven by VCC            ; 0   ; 0                              ;
;     -- Output Ports driven by VCC           ; 0   ; 0                              ;
;     -- Input Ports with no Source           ; 0   ; 0                              ;
;     -- Output Ports with no Source          ; 0   ; 0                              ;
;     -- Input Ports with no Fanout           ; 0   ; 0                              ;
;     -- Output Ports with no Fanout          ; 0   ; 0                              ;
+---------------------------------------------+-----+--------------------------------+
Note: Resource usage numbers presented for Partitions containing post-synthesis logic are estimates.  For Partitions containing post-fit logic, resource usage numbers are accurate based on previous placement information.  Actual Fitter results may vary depending on current Fitter Preservation Level assignments.


+---------------------------------------------------------------------------------+
; Partition Merge Partition Pin Processing                                        ;
+----------------------------+-----------+---------------+----------+-------------+
; Name                       ; Partition ; Type          ; Location ; Status      ;
+----------------------------+-----------+---------------+----------+-------------+
; s_clk_i                    ; Top       ; Input Port    ; n/a      ;             ;
;     -- s_clk_i             ; Top       ; Input Pad     ; Unplaced ; Synthesized ;
;     -- s_clk_i~input       ; Top       ; Input Buffer  ; Unplaced ; Synthesized ;
;                            ;           ;               ;          ;             ;
; s_spi_miso_o               ; Top       ; Output Port   ; n/a      ;             ;
;     -- s_spi_miso_o        ; Top       ; Output Pad    ; Unplaced ; Synthesized ;
;     -- s_spi_miso_o~output ; Top       ; Output Buffer ; Unplaced ; Synthesized ;
;                            ;           ;               ;          ;             ;
; s_spi_mosi_i               ; Top       ; Input Port    ; n/a      ;             ;
;     -- s_spi_mosi_i        ; Top       ; Input Pad     ; Unplaced ; Synthesized ;
;     -- s_spi_mosi_i~input  ; Top       ; Input Buffer  ; Unplaced ; Synthesized ;
;                            ;           ;               ;          ;             ;
; s_spi_sck_i                ; Top       ; Input Port    ; n/a      ;             ;
;     -- s_spi_sck_i         ; Top       ; Input Pad     ; Unplaced ; Synthesized ;
;     -- s_spi_sck_i~input   ; Top       ; Input Buffer  ; Unplaced ; Synthesized ;
;                            ;           ;               ;          ;             ;
; s_spi_ssel_i               ; Top       ; Input Port    ; n/a      ;             ;
;     -- s_spi_ssel_i        ; Top       ; Input Pad     ; Unplaced ; Synthesized ;
;     -- s_spi_ssel_i~input  ; Top       ; Input Buffer  ; Unplaced ; Synthesized ;
;                            ;           ;               ;          ;             ;
; ssd_hex0[0]                ; Top       ; Output Port   ; n/a      ;             ;
;     -- ssd_hex0[0]         ; Top       ; Output Pad    ; Unplaced ; Synthesized ;
;     -- ssd_hex0[0]~output  ; Top       ; Output Buffer ; Unplaced ; Synthesized ;
;                            ;           ;               ;          ;             ;
; ssd_hex0[1]                ; Top       ; Output Port   ; n/a      ;             ;
;     -- ssd_hex0[1]         ; Top       ; Output Pad    ; Unplaced ; Synthesized ;
;     -- ssd_hex0[1]~output  ; Top       ; Output Buffer ; Unplaced ; Synthesized ;
;                            ;           ;               ;          ;             ;
; ssd_hex0[2]                ; Top       ; Output Port   ; n/a      ;             ;
;     -- ssd_hex0[2]         ; Top       ; Output Pad    ; Unplaced ; Synthesized ;
;     -- ssd_hex0[2]~output  ; Top       ; Output Buffer ; Unplaced ; Synthesized ;
;                            ;           ;               ;          ;             ;
; ssd_hex0[3]                ; Top       ; Output Port   ; n/a      ;             ;
;     -- ssd_hex0[3]         ; Top       ; Output Pad    ; Unplaced ; Synthesized ;
;     -- ssd_hex0[3]~output  ; Top       ; Output Buffer ; Unplaced ; Synthesized ;
;                            ;           ;               ;          ;             ;
; ssd_hex0[4]                ; Top       ; Output Port   ; n/a      ;             ;
;     -- ssd_hex0[4]         ; Top       ; Output Pad    ; Unplaced ; Synthesized ;
;     -- ssd_hex0[4]~output  ; Top       ; Output Buffer ; Unplaced ; Synthesized ;
;                            ;           ;               ;          ;             ;
; ssd_hex0[5]                ; Top       ; Output Port   ; n/a      ;             ;
;     -- ssd_hex0[5]         ; Top       ; Output Pad    ; Unplaced ; Synthesized ;
;     -- ssd_hex0[5]~output  ; Top       ; Output Buffer ; Unplaced ; Synthesized ;
;                            ;           ;               ;          ;             ;
; ssd_hex0[6]                ; Top       ; Output Port   ; n/a      ;             ;
;     -- ssd_hex0[6]         ; Top       ; Output Pad    ; Unplaced ; Synthesized ;
;     -- ssd_hex0[6]~output  ; Top       ; Output Buffer ; Unplaced ; Synthesized ;
;                            ;           ;               ;          ;             ;
; ssd_hex1[0]                ; Top       ; Output Port   ; n/a      ;             ;
;     -- ssd_hex1[0]         ; Top       ; Output Pad    ; Unplaced ; Synthesized ;
;     -- ssd_hex1[0]~output  ; Top       ; Output Buffer ; Unplaced ; Synthesized ;
;                            ;           ;               ;          ;             ;
; ssd_hex1[1]                ; Top       ; Output Port   ; n/a      ;             ;
;     -- ssd_hex1[1]         ; Top       ; Output Pad    ; Unplaced ; Synthesized ;
;     -- ssd_hex1[1]~output  ; Top       ; Output Buffer ; Unplaced ; Synthesized ;
;                            ;           ;               ;          ;             ;
; ssd_hex1[2]                ; Top       ; Output Port   ; n/a      ;             ;
;     -- ssd_hex1[2]         ; Top       ; Output Pad    ; Unplaced ; Synthesized ;
;     -- ssd_hex1[2]~output  ; Top       ; Output Buffer ; Unplaced ; Synthesized ;
;                            ;           ;               ;          ;             ;
; ssd_hex1[3]                ; Top       ; Output Port   ; n/a      ;             ;
;     -- ssd_hex1[3]         ; Top       ; Output Pad    ; Unplaced ; Synthesized ;
;     -- ssd_hex1[3]~output  ; Top       ; Output Buffer ; Unplaced ; Synthesized ;
;                            ;           ;               ;          ;             ;
; ssd_hex1[4]                ; Top       ; Output Port   ; n/a      ;             ;
;     -- ssd_hex1[4]         ; Top       ; Output Pad    ; Unplaced ; Synthesized ;
;     -- ssd_hex1[4]~output  ; Top       ; Output Buffer ; Unplaced ; Synthesized ;
;                            ;           ;               ;          ;             ;
; ssd_hex1[5]                ; Top       ; Output Port   ; n/a      ;             ;
;     -- ssd_hex1[5]         ; Top       ; Output Pad    ; Unplaced ; Synthesized ;
;     -- ssd_hex1[5]~output  ; Top       ; Output Buffer ; Unplaced ; Synthesized ;
;                            ;           ;               ;          ;             ;
; ssd_hex1[6]                ; Top       ; Output Port   ; n/a      ;             ;
;     -- ssd_hex1[6]         ; Top       ; Output Pad    ; Unplaced ; Synthesized ;
;     -- ssd_hex1[6]~output  ; Top       ; Output Buffer ; Unplaced ; Synthesized ;
;                            ;           ;               ;          ;             ;
; ssd_hex2[0]                ; Top       ; Output Port   ; n/a      ;             ;
;     -- ssd_hex2[0]         ; Top       ; Output Pad    ; Unplaced ; Synthesized ;
;     -- ssd_hex2[0]~output  ; Top       ; Output Buffer ; Unplaced ; Synthesized ;
;                            ;           ;               ;          ;             ;
; ssd_hex2[1]                ; Top       ; Output Port   ; n/a      ;             ;
;     -- ssd_hex2[1]         ; Top       ; Output Pad    ; Unplaced ; Synthesized ;
;     -- ssd_hex2[1]~output  ; Top       ; Output Buffer ; Unplaced ; Synthesized ;
;                            ;           ;               ;          ;             ;
; ssd_hex2[2]                ; Top       ; Output Port   ; n/a      ;             ;
;     -- ssd_hex2[2]         ; Top       ; Output Pad    ; Unplaced ; Synthesized ;
;     -- ssd_hex2[2]~output  ; Top       ; Output Buffer ; Unplaced ; Synthesized ;
;                            ;           ;               ;          ;             ;
; ssd_hex2[3]                ; Top       ; Output Port   ; n/a      ;             ;
;     -- ssd_hex2[3]         ; Top       ; Output Pad    ; Unplaced ; Synthesized ;
;     -- ssd_hex2[3]~output  ; Top       ; Output Buffer ; Unplaced ; Synthesized ;
;                            ;           ;               ;          ;             ;
; ssd_hex2[4]                ; Top       ; Output Port   ; n/a      ;             ;
;     -- ssd_hex2[4]         ; Top       ; Output Pad    ; Unplaced ; Synthesized ;
;     -- ssd_hex2[4]~output  ; Top       ; Output Buffer ; Unplaced ; Synthesized ;
;                            ;           ;               ;          ;             ;
; ssd_hex2[5]                ; Top       ; Output Port   ; n/a      ;             ;
;     -- ssd_hex2[5]         ; Top       ; Output Pad    ; Unplaced ; Synthesized ;
;     -- ssd_hex2[5]~output  ; Top       ; Output Buffer ; Unplaced ; Synthesized ;
;                            ;           ;               ;          ;             ;
; ssd_hex2[6]                ; Top       ; Output Port   ; n/a      ;             ;
;     -- ssd_hex2[6]         ; Top       ; Output Pad    ; Unplaced ; Synthesized ;
;     -- ssd_hex2[6]~output  ; Top       ; Output Buffer ; Unplaced ; Synthesized ;
;                            ;           ;               ;          ;             ;
; ssd_hex3[0]                ; Top       ; Output Port   ; n/a      ;             ;
;     -- ssd_hex3[0]         ; Top       ; Output Pad    ; Unplaced ; Synthesized ;
;     -- ssd_hex3[0]~output  ; Top       ; Output Buffer ; Unplaced ; Synthesized ;
;                            ;           ;               ;          ;             ;
; ssd_hex3[1]                ; Top       ; Output Port   ; n/a      ;             ;
;     -- ssd_hex3[1]         ; Top       ; Output Pad    ; Unplaced ; Synthesized ;
;     -- ssd_hex3[1]~output  ; Top       ; Output Buffer ; Unplaced ; Synthesized ;
;                            ;           ;               ;          ;             ;
; ssd_hex3[2]                ; Top       ; Output Port   ; n/a      ;             ;
;     -- ssd_hex3[2]         ; Top       ; Output Pad    ; Unplaced ; Synthesized ;
;     -- ssd_hex3[2]~output  ; Top       ; Output Buffer ; Unplaced ; Synthesized ;
;                            ;           ;               ;          ;             ;
; ssd_hex3[3]                ; Top       ; Output Port   ; n/a      ;             ;
;     -- ssd_hex3[3]         ; Top       ; Output Pad    ; Unplaced ; Synthesized ;
;     -- ssd_hex3[3]~output  ; Top       ; Output Buffer ; Unplaced ; Synthesized ;
;                            ;           ;               ;          ;             ;
; ssd_hex3[4]                ; Top       ; Output Port   ; n/a      ;             ;
;     -- ssd_hex3[4]         ; Top       ; Output Pad    ; Unplaced ; Synthesized ;
;     -- ssd_hex3[4]~output  ; Top       ; Output Buffer ; Unplaced ; Synthesized ;
;                            ;           ;               ;          ;             ;
; ssd_hex3[5]                ; Top       ; Output Port   ; n/a      ;             ;
;     -- ssd_hex3[5]         ; Top       ; Output Pad    ; Unplaced ; Synthesized ;
;     -- ssd_hex3[5]~output  ; Top       ; Output Buffer ; Unplaced ; Synthesized ;
;                            ;           ;               ;          ;             ;
; ssd_hex3[6]                ; Top       ; Output Port   ; n/a      ;             ;
;     -- ssd_hex3[6]         ; Top       ; Output Pad    ; Unplaced ; Synthesized ;
;     -- ssd_hex3[6]~output  ; Top       ; Output Buffer ; Unplaced ; Synthesized ;
;                            ;           ;               ;          ;             ;
+----------------------------+-----------+---------------+----------+-------------+


+-----------------------------------------------------------------+
; Partition Merge Resource Usage Summary                          ;
+---------------------------------------------+-------------------+
; Resource                                    ; Usage             ;
+---------------------------------------------+-------------------+
; Estimated Total logic elements              ; 87                ;
;                                             ;                   ;
; Total combinational functions               ; 65                ;
; Logic element usage by number of LUT inputs ;                   ;
;     -- 4 input functions                    ; 37                ;
;     -- 3 input functions                    ; 6                 ;
;     -- <=2 input functions                  ; 22                ;
;                                             ;                   ;
; Logic elements by mode                      ;                   ;
;     -- normal mode                          ; 61                ;
;     -- arithmetic mode                      ; 4                 ;
;                                             ;                   ;
; Total registers                             ; 73                ;
;     -- Dedicated logic registers            ; 73                ;
;     -- I/O registers                        ; 0                 ;
;                                             ;                   ;
; I/O pins                                    ; 33                ;
;                                             ;                   ;
; Embedded Multiplier 9-bit elements          ; 0                 ;
;                                             ;                   ;
; Maximum fan-out node                        ; s_spi_sck_i~input ;
; Maximum fan-out                             ; 40                ;
; Total fan-out                               ; 466               ;
; Average fan-out                             ; 2.28              ;
+---------------------------------------------+-------------------+


+--------------------------+
; Partition Merge Messages ;
+--------------------------+
Info: *******************************************************************
Info: Running Quartus II 64-Bit Partition Merge
    Info: Version 15.0.2 Build 153 07/15/2015 SJ Web Edition
    Info: Processing started: Mon Aug 31 21:05:26 2015
Info: Command: quartus_cdb --read_settings_files=off --write_settings_files=off SPI_Comms -c SPI_Comms --merge=on
Info (35007): Using synthesis netlist for partition "Top"
Info (35002): Resolved and merged 1 partition(s)
Info (16010): Generating hard_block partition "hard_block:auto_generated_inst"
    Info (16011): Adding 0 node(s), including 0 DDIO, 0 PLL, 0 transceiver and 0 LCELL
Info (21057): Implemented 135 device resources after synthesis - the final resource count might be different
    Info (21058): Implemented 4 input pins
    Info (21059): Implemented 29 output pins
    Info (21061): Implemented 102 logic cells
Info: Quartus II 64-Bit Partition Merge was successful. 0 errors, 0 warnings
    Info: Peak virtual memory: 667 megabytes
    Info: Processing ended: Mon Aug 31 21:05:27 2015
    Info: Elapsed time: 00:00:01
    Info: Total CPU time (on all processors): 00:00:01


